Flutter crash report; please file at https://github.com/flutter/flutter/issues.

## command

flutter run

## exception

FileSystemException: FileSystemException: writeFrom failed, path = '/Users/aayushkhurana/development/flutter/version' (OS Error: No space left on device, errno = 28)

```
#0      _RandomAccessFile.writeFrom.<anonymous closure> (dart:io/file_impl.dart:856:9)
#1      _rootRunUnary (dart:async/zone.dart:1132:38)
#2      _CustomZone.runUnary (dart:async/zone.dart:1029:19)
#3      _FutureListener.handleValue (dart:async/future_impl.dart:126:18)
#4      Future._propagateToListeners.handleValueCallback (dart:async/future_impl.dart:639:45)
#5      Future._propagateToListeners (dart:async/future_impl.dart:668:32)
#6      Future._completeWithValue (dart:async/future_impl.dart:483:5)
#7      Future._asyncComplete.<anonymous closure> (dart:async/future_impl.dart:513:7)
#8      _rootRun (dart:async/zone.dart:1124:13)
#9      _CustomZone.run (dart:async/zone.dart:1021:19)
#10     _CustomZone.bindCallback.<anonymous closure> (dart:async/zone.dart:947:23)
#11     _microtaskLoop (dart:async/schedule_microtask.dart:41:21)
#12     _startMicrotaskLoop (dart:async/schedule_microtask.dart:50:5)
#13     _runPendingImmediateCallback (dart:isolate-patch/isolate_patch.dart:115:13)
#14     _RawReceivePortImpl._handleMessage (dart:isolate-patch/isolate_patch.dart:172:5)
```

## flutter doctor

```
[32m[✓][39m Flutter (Channel stable, v1.5.4-hotfix.2, on Mac OS X 10.14.5 18F132, locale en-IN)
    [32m•[39m Flutter version 1.5.4-hotfix.2 at /Users/aayushkhurana/development/flutter
    [32m•[39m Framework revision 7a4c33425d (7 weeks ago), 2019-04-29 11:05:24 -0700
    [32m•[39m Engine revision 52c7a1e849
    [32m•[39m Dart version 2.3.0 (build 2.3.0-dev.0.5 a1668566e5)

[32m[✓][39m Android toolchain - develop for Android devices (Android SDK version 29.0.0)
    [32m•[39m Android SDK at /Users/aayushkhurana/Library/Android/sdk
    [32m•[39m Android NDK location not configured (optional; useful for native profiling support)
    [32m•[39m Platform android-29, build-tools 29.0.0
    [32m•[39m Java binary at:
      /Library/Java/JavaVirtualMachines/jdk1.8.0_181.jdk/Contents/Home/bin/java
    [32m•[39m Java version Java(TM) SE Runtime Environment (build 1.8.0_181-b13)
    [32m•[39m All Android licenses accepted.

[32m[✓][39m iOS toolchain - develop for iOS devices (Xcode 11.0)
    [32m•[39m Xcode at /Applications/Xcode-beta.app/Contents/Developer
    [32m•[39m Xcode 11.0, Build version 11M336w
    [32m•[39m ios-deploy 1.9.4
    [32m•[39m CocoaPods version 1.7.1

[33m[!][39m Android Studio (not installed)
    [32m•[39m Android Studio not found; download from
      https://developer.android.com/studio/index.html
      (or visit https://flutter.dev/setup/#android-setup for detailed instructions).

[32m[✓][39m VS Code (version 1.35.1)
    [32m•[39m VS Code at /Users/aayushkhurana/Applications/Visual Studio Code.app/Contents
    [32m•[39m Flutter extension version 3.1.0

[32m[✓][39m Connected device (1 available)
    [32m•[39m iPhone • a356a247d5b604faabd65bce982f6509a5a897f1 • ios • iOS 12.1.4

[33m![39m Doctor found issues in 1 category.
```
